<?xml version="1.0" encoding="UTF-8"?>
<testsuite xmlns:xsi="http://www.w3.org/2001/XMLSchema-instance" xsi:noNamespaceSchemaLocation="https://maven.apache.org/surefire/maven-surefire-plugin/xsd/surefire-test-report-3.0.xsd" version="3.0" name="edu.cs489.adssysem.AdssysemApplicationTests" time="2.702" tests="1" errors="0" skipped="0" failures="0">
  <properties>
[...]
</properties>
  <testcase name="contextLoads" classname="edu.cs489.adssysem.AdssysemApplicationTests" time="0.329">
    <system-out><![CDATA[13:45:06.947 [main] INFO org.springframework.test.context.support.AnnotationConfigContextLoaderUtils -- Could not detect default configuration classes for test class [edu.cs489.adssysem.AdssysemApplicationTests]: AdssysemApplicationTests does not declare any static, non-private, non-final, nested classes annotated with @Configuration.
13:45:06.996 [main] INFO org.springframework.boot.test.context.SpringBootTestContextBootstrapper -- Found @SpringBootConfiguration edu.cs489.adssysem.AdssysemApplication for test class edu.cs489.adssysem.AdssysemApplicationTests
13:45:07.068 [main] INFO org.springframework.boot.devtools.restart.RestartApplicationListener -- Restart disabled due to context in which it is running
2024-04-18T13:45:07.189-05:00  INFO 23311 --- [adssysem] [           main] e.c.adssysem.AdssysemApplicationTests    : Starting AdssysemApplicationTests using Java 21.0.2 with PID 23311 (started by khunsoemoeaung in /Users/khunsoemoeaung/Documents/02_MIU/CS-489 Applied Software Development/CS-489-appsd/Lab 10)
2024-04-18T13:45:07.196-05:00  INFO 23311 --- [adssysem] [           main] e.c.adssysem.AdssysemApplicationTests    : No active profile set, falling back to 1 default profile: "default"
2024-04-18T13:45:07.502-05:00  INFO 23311 --- [adssysem] [           main] .s.d.r.c.RepositoryConfigurationDelegate : Bootstrapping Spring Data JPA repositories in DEFAULT mode.
2024-04-18T13:45:07.540-05:00  INFO 23311 --- [adssysem] [           main] .s.d.r.c.RepositoryConfigurationDelegate : Finished Spring Data repository scanning in 34 ms. Found 7 JPA repository interfaces.
2024-04-18T13:45:07.754-05:00  INFO 23311 --- [adssysem] [           main] o.hibernate.jpa.internal.util.LogHelper  : HHH000204: Processing PersistenceUnitInfo [name: default]
2024-04-18T13:45:07.777-05:00  INFO 23311 --- [adssysem] [           main] org.hibernate.Version                    : HHH000412: Hibernate ORM core version 6.5.0.CR2
2024-04-18T13:45:07.790-05:00  INFO 23311 --- [adssysem] [           main] o.h.c.internal.RegionFactoryInitiator    : HHH000026: Second-level cache disabled
2024-04-18T13:45:07.906-05:00  INFO 23311 --- [adssysem] [           main] o.s.o.j.p.SpringPersistenceUnitInfo      : No LoadTimeWeaver setup: ignoring JPA class transformer
2024-04-18T13:45:07.913-05:00  WARN 23311 --- [adssysem] [           main] org.hibernate.orm.deprecation            : HHH90000021: Encountered deprecated setting [hibernate.temp.use_jdbc_metadata_defaults], use [hibernate.boot.allow_jdbc_metadata_access] instead
2024-04-18T13:45:07.920-05:00  WARN 23311 --- [adssysem] [           main] org.hibernate.orm.deprecation            : HHH90000025: MySQLDialect does not need to be specified explicitly using 'hibernate.dialect' (remove the property setting and it will be selected by default)
2024-04-18T13:45:08.435-05:00  INFO 23311 --- [adssysem] [           main] o.h.e.t.j.p.i.JtaPlatformInitiator       : HHH000489: No JTA platform available (set 'hibernate.transaction.jta.platform' to enable JTA platform integration)
2024-04-18T13:45:08.444-05:00  INFO 23311 --- [adssysem] [           main] com.zaxxer.hikari.HikariDataSource       : HikariPool-1 - Starting...
2024-04-18T13:45:08.658-05:00  INFO 23311 --- [adssysem] [           main] com.zaxxer.hikari.pool.HikariPool        : HikariPool-1 - Added connection com.mysql.cj.jdbc.ConnectionImpl@43e2b8da
2024-04-18T13:45:08.659-05:00  INFO 23311 --- [adssysem] [           main] com.zaxxer.hikari.HikariDataSource       : HikariPool-1 - Start completed.
2024-04-18T13:45:08.764-05:00  INFO 23311 --- [adssysem] [           main] j.LocalContainerEntityManagerFactoryBean : Initialized JPA EntityManagerFactory for persistence unit 'default'
2024-04-18T13:45:09.015-05:00  WARN 23311 --- [adssysem] [           main] JpaBaseConfiguration$JpaWebConfiguration : spring.jpa.open-in-view is enabled by default. Therefore, database queries may be performed during view rendering. Explicitly configure spring.jpa.open-in-view to disable this warning
2024-04-18T13:45:09.213-05:00  INFO 23311 --- [adssysem] [           main] e.c.adssysem.AdssysemApplicationTests    : Started AdssysemApplicationTests in 2.153 seconds (process running for 2.644)
]]></system-out>
    <system-err><![CDATA[WARNING: A Java agent has been loaded dynamically (/Users/khunsoemoeaung/.m2/repository/net/bytebuddy/byte-buddy-agent/1.14.13/byte-buddy-agent-1.14.13.jar)
WARNING: If a serviceability tool is in use, please run with -XX:+EnableDynamicAgentLoading to hide this warning
WARNING: If a serviceability tool is not in use, please run with -Djdk.instrument.traceUsage for more information
WARNING: Dynamic loading of agents will be disallowed by default in a future release
]]></system-err>
  </testcase>
</testsuite>